0 info it worked if it ends with ok
1 verbose cli [ '/usr/bin/nodejs', '/usr/bin/npm', 'install', '--save' ]
2 info using npm@2.15.11
3 info using node@v4.7.3
4 verbose config Skipping project config: /home/prakash/.npmrc. (matches userconfig)
5 verbose readDependencies loading dependencies from /home/prakash/package.json
6 error install Couldn't read dependencies
7 verbose stack Error: ENOENT: no such file or directory, open '/home/prakash/package.json'
7 verbose stack     at Error (native)
8 verbose cwd /home/prakash/Documents/project
9 error Linux 4.2.0-42-generic
10 error argv "/usr/bin/nodejs" "/usr/bin/npm" "install" "--save"
11 error node v4.7.3
12 error npm  v2.15.11
13 error path /home/prakash/package.json
14 error code ENOPACKAGEJSON
15 error errno -2
16 error syscall open
17 error package.json ENOENT: no such file or directory, open '/home/prakash/package.json'
17 error package.json This is most likely not a problem with npm itself.
17 error package.json npm can't find a package.json file in your current directory.
18 verbose exit [ -2, true ]
